
--------------------------------------------------
 开始批量生成 2 个页面 (Project: 1767511192997)
--------------------------------------------------
[19:38:11] [INFO] 页面列表
[
  "到访确认 (visitConfirmation)",
  "到访登记 (visitRegistration)"
]
[19:38:11] [STEP] 开始生成页面任务: 到访确认
{
  "taskId": "generate-code-1767511192997-visitConfirmation"
}
[19:38:11] [STEP] 开始生成页面任务: 到访登记
{
  "taskId": "generate-code-1767511192997-visitRegistration"
}

--------------------------------------------------
 开始生成页面: 到访登记 (visitRegistration)
--------------------------------------------------
[19:38:11] [INFO] 页面描述 到访登记页面用于记录访客实际到访信息，包括到访时间、接待人员、访问事由等。页面顶部显示到访提示信息，中部为表单填写区域，包含多个输入项与选择框，底部为提交按钮与取消按钮。用户填写完毕后可提交到访信息，系统将反馈登记成功提示。页面设计需确保表单填写便捷，信息记录准确。
[19:38:11] [STEP] 步骤1: 分析页面所需组件

--------------------------------------------------
 开始生成页面: 到访确认 (visitConfirmation)
--------------------------------------------------
[19:38:11] [INFO] 页面描述 到访确认页面用于用户确认预约到访信息，包括预约编号、访客姓名、预约时间等。页面顶部显示确认提示信息，中部为预约信息展示区域，底部为确认到访按钮与取消按钮。用户确认到访后将跳转至到访登记页面。页面设计需简洁明了，确保用户能快速确认到访信息。
[19:38:11] [STEP] 步骤1: 分析页面所需组件
[19:38:14] [ERROR] 步骤1分析失败 TypeError: content.trim is not a function
    at D:\code\admin-workspace\uxcat\server\controller.js:809:54
    at process.processTicksAndRejections (node:internal/process/task_queues:95:5)
[19:38:14] [STEP] 步骤2: 查询组件使用示例
[19:38:14] [INFO] 无需查询组件示例
[19:38:14] [STEP] 步骤3: 生成完整页面代码
[19:38:15] [ERROR] 步骤1分析失败 TypeError: content.trim is not a function
    at D:\code\admin-workspace\uxcat\server\controller.js:809:54
    at process.processTicksAndRejections (node:internal/process/task_queues:95:5)
[19:38:15] [STEP] 步骤2: 查询组件使用示例
[19:38:15] [INFO] 无需查询组件示例
[19:38:15] [STEP] 步骤3: 生成完整页面代码
[19:39:04] [INFO] 工具调用摘要
[
  "验证: 失败",
  "验证: 通过",
  "write_file"
]
[19:39:04] [INFO] 文件已写入: D:/frontend-code/hzux/1767511192997/1/code/visitRegistration.vue
[19:39:04] [INFO] 代码通过验证
[19:39:04] [INFO] 页面生成任务完成: 到访登记
[19:39:15] [INFO] 工具调用摘要
[
  "验证: 失败",
  "验证: 通过",
  "write_file"
]
[19:39:15] [INFO] 文件已写入: D:/frontend-code/hzux/1767511192997/1/code/visitConfirmation.vue
[19:39:15] [INFO] 代码通过验证
[19:39:15] [INFO] 页面生成任务完成: 到访确认
[19:39:15] [INFO] 批量生成完成 Summary
{
  "successCount": 2,
  "failedCount": 0,
  "total": 2
}

--------------------------------------------------
 开始批量生成 2 个页面 (Project: 1767511192997)
--------------------------------------------------
[19:46:28] [INFO] 页面列表
[
  "访客预约 (visitorReservation)",
  "预约审核 (reservationReview)"
]
[19:46:28] [STEP] 开始生成页面任务: 访客预约
{
  "taskId": "generate-code-1767511192997-visitorReservation"
}
[19:46:28] [STEP] 开始生成页面任务: 预约审核
{
  "taskId": "generate-code-1767511192997-reservationReview"
}

--------------------------------------------------
 开始生成页面: 访客预约 (visitorReservation)
--------------------------------------------------
[19:46:28] [INFO] 页面描述 访客预约页面用于企业客户填写预约信息，包括访客姓名、联系方式、预约时间、访问网点、访问事由等。页面顶部显示预约须知，中部为表单填写区域，包含多个输入项与下拉选择框，底部为提交按钮与重置按钮。用户填写完毕后可提交预约信息，系统将跳转至预约审核页面。页面设计需确保表单清晰易填，输入项包含必要的校验提示。
[19:46:28] [STEP] 步骤1: 分析页面所需组件

--------------------------------------------------
 开始生成页面: 预约审核 (reservationReview)
--------------------------------------------------
[19:46:28] [INFO] 页面描述 预约审核页面展示用户提交的预约信息，包括访客详情与预约状态。页面顶部显示审核进度条，中部为预约信息详情展示区域，包含访客信息、预约时间、访问网点等，底部为审核结果反馈区域，显示审核通过或驳回原因。用户可在此页面查看审核状态并跳转至预约详情页面。页面设计需突出审核状态信息，确保用户能快速了解预约结果。
[19:46:28] [STEP] 步骤1: 分析页面所需组件
[19:46:33] [ERROR] 步骤1分析失败 TypeError: content.trim is not a function
    at D:\code\admin-workspace\uxcat\server\controller.js:809:54
    at process.processTicksAndRejections (node:internal/process/task_queues:95:5)
[19:46:33] [STEP] 步骤2: 查询组件使用示例
[19:46:33] [INFO] 无需查询组件示例
[19:46:33] [STEP] 步骤3: 生成完整页面代码
[19:46:33] [ERROR] 步骤1分析失败 TypeError: content.trim is not a function
    at D:\code\admin-workspace\uxcat\server\controller.js:809:54
    at process.processTicksAndRejections (node:internal/process/task_queues:95:5)
[19:46:33] [STEP] 步骤2: 查询组件使用示例
[19:46:33] [INFO] 无需查询组件示例
[19:46:33] [STEP] 步骤3: 生成完整页面代码
[19:47:53] [INFO] 工具调用摘要
[
  "验证: 失败",
  "验证: 通过",
  "write_file"
]
[19:47:53] [INFO] 文件已写入: D:/frontend-code/hzux/1767511192997/1/code/reservationReview.vue
[19:47:53] [INFO] 代码通过验证
[19:47:53] [INFO] 页面生成任务完成: 预约审核
[19:48:08] [INFO] 工具调用摘要
[
  "验证: 失败",
  "验证: 失败",
  "验证: 通过",
  "write_file"
]
[19:48:08] [INFO] 文件已写入: D:/frontend-code/hzux/1767511192997/1/code/visitorReservation.vue
[19:48:08] [INFO] 代码通过验证
[19:48:08] [INFO] 页面生成任务完成: 访客预约
[19:48:08] [INFO] 批量生成完成 Summary
{
  "successCount": 2,
  "failedCount": 0,
  "total": 2
}

--------------------------------------------------
 开始批量生成 6 个页面 (Project: 1767528055870)
--------------------------------------------------
[20:11:40] [INFO] 页面列表
[
  "首页 (homePage)",
  "商品分类页 (categoryPage)",
  "商品列表页 (productListPage)",
  "商品详情页 (productDetailPage)",
  "搜索结果页 (searchResultPage)",
  "订单确认页 (orderConfirmPage)"
]
[20:11:40] [STEP] 开始生成页面任务: 首页
{
  "taskId": "generate-code-1767528055870-homePage"
}
[20:11:40] [STEP] 开始生成页面任务: 商品分类页
{
  "taskId": "generate-code-1767528055870-categoryPage"
}
[20:11:40] [STEP] 开始生成页面任务: 商品列表页
{
  "taskId": "generate-code-1767528055870-productListPage"
}

--------------------------------------------------
 开始生成页面: 商品分类页 (categoryPage)
--------------------------------------------------
[20:11:40] [INFO] 页面描述 商品分类页展示平台所有商品类目，采用网格布局呈现各类别图标和名称。页面顶部有返回首页和搜索功能，中部为分类列表，每个分类项包含图标和文字说明。用户点击任一分类项后，将跳转到该分类下的商品列表页。页面设计注重清晰的信息层级和直观的操作引导，分类图标使用统一风格以增强识别度。交互反馈方面，点击分类项时会有加载动画提示，同时页面间跳转采用平滑过渡效果。用户操作路径为：点击分类项 -> 进入商品列表页。
[20:11:40] [STEP] 步骤1: 分析页面所需组件

--------------------------------------------------
 开始生成页面: 商品列表页 (productListPage)
--------------------------------------------------
[20:11:40] [INFO] 页面描述 商品列表页展示特定分类或搜索条件下的所有商品，支持筛选和排序功能。页面顶部显示当前分类名称和返回按钮，中部为商品列表，每项包含缩略图、标题、价格和卖家信息。右侧边栏提供筛选选项如价格区间、新旧程度等。用户可通过点击商品卡片进入详情页，使用筛选器调整显示结果，或通过排序按钮改变商品排列顺序。页面底部设有分页控件用于浏览更多商品。交互反馈包括筛选条件变更时的即时结果更新，点击商品卡片时的跳转动画，以及分页切换时的加载提示。用户操作路径包括：1）点击商品卡片 -> 进入商品详情页；2）调整筛选条件 -> 实时更新商品列表；3）切换分页 -> 加载新一页商品。
[20:11:40] [STEP] 步骤1: 分析页面所需组件

--------------------------------------------------
 开始生成页面: 首页 (homePage)
--------------------------------------------------
[20:11:40] [INFO] 页面描述 首页是用户进入平台后的核心入口页面，展示平台推荐商品、热门分类和搜索功能。页面顶部包含品牌Logo和全局导航栏，中部为轮播图展示精选商品，下方为商品分类快捷入口和推荐商品列表。用户可以通过顶部搜索框输入关键词查找商品，点击分类图标进入对应类目页面，点击商品卡片跳转至商品详情页。页面底部提供平台介绍和帮助链接。交互反馈方面，搜索时会实时显示匹配结果提示，点击导航项将平滑切换至目标页面，商品卡片悬停时显示更多操作按钮。用户操作路径包括：1）点击分类图标 -> 进入商品分类页；2）点击商品卡片 -> 进入商品详情页；3）使用搜索框 -> 跳转至搜索结果页。
[20:11:40] [STEP] 步骤1: 分析页面所需组件
[20:11:45] [ERROR] 步骤1分析失败 TypeError: content.trim is not a function
    at D:\code\admin-workspace\uxcat\server\controller.js:809:54
    at process.processTicksAndRejections (node:internal/process/task_queues:95:5)
[20:11:45] [STEP] 步骤2: 查询组件使用示例
[20:11:45] [INFO] 无需查询组件示例
[20:11:45] [STEP] 步骤3: 生成完整页面代码
[20:11:48] [ERROR] 步骤1分析失败 TypeError: content.trim is not a function
    at D:\code\admin-workspace\uxcat\server\controller.js:809:54
    at process.processTicksAndRejections (node:internal/process/task_queues:95:5)
[20:11:48] [STEP] 步骤2: 查询组件使用示例
[20:11:48] [INFO] 无需查询组件示例
[20:11:48] [STEP] 步骤3: 生成完整页面代码
[20:11:48] [ERROR] 步骤1分析失败 TypeError: content.trim is not a function
    at D:\code\admin-workspace\uxcat\server\controller.js:809:54
    at process.processTicksAndRejections (node:internal/process/task_queues:95:5)
[20:11:48] [STEP] 步骤2: 查询组件使用示例
[20:11:48] [INFO] 无需查询组件示例
[20:11:48] [STEP] 步骤3: 生成完整页面代码
[20:11:58] [INFO] 工具调用摘要
[
  "list_files",
  "list_files",
  "read_file",
  "read_file",
  "list_files",
  "read_file",
  "list_files",
  "list_files",
  "read_file",
  "read_file"
]
[20:11:58] [WARN] 未进行代码验证

--------------------------------------------------
 开始生成页面: 商品列表页 (productListPage)
--------------------------------------------------
[20:11:58] [INFO] 页面描述 商品列表页展示特定分类或搜索条件下的所有商品，支持筛选和排序功能。页面顶部显示当前分类名称和返回按钮，中部为商品列表，每项包含缩略图、标题、价格和卖家信息。右侧边栏提供筛选选项如价格区间、新旧程度等。用户可通过点击商品卡片进入详情页，使用筛选器调整显示结果，或通过排序按钮改变商品排列顺序。页面底部设有分页控件用于浏览更多商品。交互反馈包括筛选条件变更时的即时结果更新，点击商品卡片时的跳转动画，以及分页切换时的加载提示。用户操作路径包括：1）点击商品卡片 -> 进入商品详情页；2）调整筛选条件 -> 实时更新商品列表；3）切换分页 -> 加载新一页商品。
[20:11:58] [STEP] 步骤1: 分析页面所需组件
[20:12:06] [ERROR] 步骤1分析失败 TypeError: content.trim is not a function
    at D:\code\admin-workspace\uxcat\server\controller.js:809:54
    at process.processTicksAndRejections (node:internal/process/task_queues:95:5)
[20:12:06] [STEP] 步骤2: 查询组件使用示例
[20:12:06] [INFO] 无需查询组件示例
[20:12:06] [STEP] 步骤3: 生成完整页面代码
[20:12:26] [INFO] 工具调用摘要
[
  "list_files",
  "list_files",
  "read_file",
  "read_file",
  "list_files",
  "read_file",
  "list_files",
  "list_files",
  "list_files",
  "read_file"
]
[20:12:26] [WARN] 未进行代码验证

--------------------------------------------------
 开始生成页面: 商品列表页 (productListPage)
--------------------------------------------------
[20:12:28] [INFO] 页面描述 商品列表页展示特定分类或搜索条件下的所有商品，支持筛选和排序功能。页面顶部显示当前分类名称和返回按钮，中部为商品列表，每项包含缩略图、标题、价格和卖家信息。右侧边栏提供筛选选项如价格区间、新旧程度等。用户可通过点击商品卡片进入详情页，使用筛选器调整显示结果，或通过排序按钮改变商品排列顺序。页面底部设有分页控件用于浏览更多商品。交互反馈包括筛选条件变更时的即时结果更新，点击商品卡片时的跳转动画，以及分页切换时的加载提示。用户操作路径包括：1）点击商品卡片 -> 进入商品详情页；2）调整筛选条件 -> 实时更新商品列表；3）切换分页 -> 加载新一页商品。
[20:12:28] [STEP] 步骤1: 分析页面所需组件
[20:12:36] [ERROR] 步骤1分析失败 TypeError: content.trim is not a function
    at D:\code\admin-workspace\uxcat\server\controller.js:809:54
    at process.processTicksAndRejections (node:internal/process/task_queues:95:5)
[20:12:36] [STEP] 步骤2: 查询组件使用示例
[20:12:36] [INFO] 无需查询组件示例
[20:12:36] [STEP] 步骤3: 生成完整页面代码
[20:12:45] [INFO] 工具调用摘要
[
  "list_files",
  "list_files",
  "read_file",
  "read_file",
  "list_files",
  "read_file",
  "list_files",
  "list_files",
  "read_file",
  "read_file"
]
[20:12:45] [WARN] 未进行代码验证

--------------------------------------------------
 开始生成页面: 商品列表页 (productListPage)
--------------------------------------------------
[20:12:49] [INFO] 页面描述 商品列表页展示特定分类或搜索条件下的所有商品，支持筛选和排序功能。页面顶部显示当前分类名称和返回按钮，中部为商品列表，每项包含缩略图、标题、价格和卖家信息。右侧边栏提供筛选选项如价格区间、新旧程度等。用户可通过点击商品卡片进入详情页，使用筛选器调整显示结果，或通过排序按钮改变商品排列顺序。页面底部设有分页控件用于浏览更多商品。交互反馈包括筛选条件变更时的即时结果更新，点击商品卡片时的跳转动画，以及分页切换时的加载提示。用户操作路径包括：1）点击商品卡片 -> 进入商品详情页；2）调整筛选条件 -> 实时更新商品列表；3）切换分页 -> 加载新一页商品。
[20:12:49] [STEP] 步骤1: 分析页面所需组件
[20:12:57] [ERROR] 步骤1分析失败 TypeError: content.trim is not a function
    at D:\code\admin-workspace\uxcat\server\controller.js:809:54
    at process.processTicksAndRejections (node:internal/process/task_queues:95:5)
[20:12:57] [STEP] 步骤2: 查询组件使用示例
[20:12:57] [INFO] 无需查询组件示例
[20:12:57] [STEP] 步骤3: 生成完整页面代码
[20:13:06] [INFO] 工具调用摘要
[
  "list_files",
  "list_files",
  "read_file",
  "read_file",
  "list_files",
  "read_file",
  "list_files",
  "list_files",
  "list_files",
  "read_file"
]
[20:13:06] [WARN] 未进行代码验证
[20:13:06] [ERROR] 页面生成任务失败: 商品列表页 Error: 代码生成失败: 未生成有效代码
    at generatePageWithStepsInLoose (D:\code\admin-workspace\uxcat\server\controller.js:738:15)
    at process.processTicksAndRejections (node:internal/process/task_queues:95:5)
    at async generateSinglePageWithSteps (D:\code\admin-workspace\uxcat\server\controller.js:531:28)
    at async taskFn (D:\code\admin-workspace\uxcat\server\controller.js:407:40)
    at async D:\code\admin-workspace\uxcat\server\utils\page-queue-manager.js:42:24
    at async file:///D:/code/admin-workspace/uxcat/server/node_modules/p-queue/dist/index.js:306:36
[20:13:06] [STEP] 开始生成页面任务: 商品详情页
{
  "taskId": "generate-code-1767528055870-productDetailPage"
}

--------------------------------------------------
 开始生成页面: 商品详情页 (productDetailPage)
--------------------------------------------------
[20:13:06] [INFO] 页面描述 商品详情页全面展示单个商品信息，包括高清图片、详细描述、价格、卖家资料和交易记录。页面顶部为商品大图轮播，中部为商品基本信息和详细描述，下方为卖家信息和相关推荐。右侧固定位置设有“立即购买”、“加入购物车”和“联系卖家”按钮。用户可滑动查看商品图片，阅读详细描述，点击按钮进行购买或沟通操作。页面还提供收藏功能和分享按钮。交互反馈包括按钮点击后的状态变化提示，图片放大预览功能，以及联系卖家时的消息发送确认。用户操作路径包括：1）点击购买按钮 -> 进入订单确认页；2）点击联系卖家 -> 进入聊天页面；3）点击收藏按钮 -> 显示收藏成功提示。
[20:13:06] [STEP] 步骤1: 分析页面所需组件
[20:13:12] [ERROR] 步骤1分析失败 TypeError: content.trim is not a function
    at D:\code\admin-workspace\uxcat\server\controller.js:809:54
    at process.processTicksAndRejections (node:internal/process/task_queues:95:5)
[20:13:12] [STEP] 步骤2: 查询组件使用示例
[20:13:12] [INFO] 无需查询组件示例
[20:13:12] [STEP] 步骤3: 生成完整页面代码
[20:14:29] [INFO] 工具调用摘要
[
  "验证: 失败",
  "验证: 失败",
  "验证: 失败",
  "验证: 失败",
  "验证: 失败",
  "write_file"
]
[20:14:29] [INFO] 文件已写入: D:/frontend-code/hzux/1767528055870/1/code/categoryPage.vue
[20:14:29] [WARN] 代码验证失败
{
  "success": false,
  "message": "代码验证失败: categoryPage.vue. 发现 5 个错误",
  "fileName": "categoryPage.vue",
  "errors": [
    "55:61 Missing trailing comma. [comma-dangle]",
    "56:8 Missing trailing comma. [comma-dangle]",
    "66:6 Missing trailing comma. [comma-dangle]",
    "78:6 Missing trailing comma. [comma-dangle]",
    "79:4 Missing trailing comma. [comma-dangle]"
  ],
  "warnings": [],
  "suggestion": "请根据上述错误信息修正代码，然后重新生成"
}
[20:14:29] [INFO] 页面生成任务完成: 商品分类页
[20:14:29] [STEP] 开始生成页面任务: 搜索结果页
{
  "taskId": "generate-code-1767528055870-searchResultPage"
}

--------------------------------------------------
 开始生成页面: 搜索结果页 (searchResultPage)
--------------------------------------------------
[20:14:29] [INFO] 页面描述 搜索结果页展示用户通过关键词搜索得到的商品列表，支持进一步筛选和排序。页面顶部保留搜索框并显示当前搜索词，中部为商品列表，每项包含缩略图、标题、价格和匹配度提示。右侧边栏提供筛选选项如价格区间、地区等。用户可点击商品卡片查看详情，调整筛选条件优化搜索结果，或清除搜索条件重新搜索。页面设计强调搜索结果的相关性和易用性，提供清晰的筛选反馈。交互反馈包括搜索条件变更时的即时结果更新，点击商品卡片时的跳转动画，以及无结果时的友好提示。用户操作路径包括：1）点击商品卡片 -> 进入商品详情页；2）调整筛选条件 -> 实时更新搜索结果；3）清除搜索词 -> 返回首页或重新聚焦搜索框。
[20:14:29] [STEP] 步骤1: 分析页面所需组件
[20:14:35] [ERROR] 步骤1分析失败 TypeError: content.trim is not a function
    at D:\code\admin-workspace\uxcat\server\controller.js:809:54
    at process.processTicksAndRejections (node:internal/process/task_queues:95:5)
[20:14:35] [STEP] 步骤2: 查询组件使用示例
[20:14:35] [INFO] 无需查询组件示例
[20:14:35] [STEP] 步骤3: 生成完整页面代码
[20:15:49] [INFO] 工具调用摘要
[
  "list_files",
  "read_file",
  "read_file",
  "read_file",
  "验证: 失败",
  "验证: 失败",
  "验证: 通过",
  "write_file"
]
[20:15:49] [INFO] 文件已写入: D:/frontend-code/hzux/1767528055870/1/code/homePage.vue
[20:15:49] [INFO] 代码通过验证
[20:15:49] [INFO] 页面生成任务完成: 首页
[20:15:49] [STEP] 开始生成页面任务: 订单确认页
{
  "taskId": "generate-code-1767528055870-orderConfirmPage"
}

--------------------------------------------------
 开始生成页面: 订单确认页 (orderConfirmPage)
--------------------------------------------------
[20:15:49] [INFO] 页面描述 订单确认页用于用户在购买前确认订单信息，包括商品详情、收货地址、支付方式和备注信息。页面顶部显示订单概览，中部为收货地址选择和编辑区域，下方为支付方式选择和订单备注输入框。底部固定“提交订单”按钮。用户可在此页面修改收货地址、选择支付方式、添加订单备注，并最终提交订单。页面设计注重信息的准确性和操作的安全性，提供地址管理和支付方式说明。交互反馈包括地址选择时的即时更新，支付方式切换时的说明展示，以及提交订单时的加载提示和成功反馈。用户操作路径包括：1）点击地址编辑 -> 进入地址管理页；2）选择支付方式 -> 显示对应说明；3）点击提交订单 -> 进入支付页面。
[20:15:49] [STEP] 步骤1: 分析页面所需组件
[20:15:56] [ERROR] 步骤1分析失败 TypeError: content.trim is not a function
    at D:\code\admin-workspace\uxcat\server\controller.js:809:54
    at process.processTicksAndRejections (node:internal/process/task_queues:95:5)
[20:15:56] [STEP] 步骤2: 查询组件使用示例
[20:15:56] [INFO] 无需查询组件示例
[20:15:56] [STEP] 步骤3: 生成完整页面代码
[20:16:13] [INFO] 工具调用摘要
[
  "list_files",
  "read_file",
  "read_file",
  "read_file",
  "验证: 失败",
  "验证: 通过",
  "write_file"
]
[20:16:13] [INFO] 文件已写入: D:/frontend-code/hzux/1767528055870/1/code/productDetailPage.vue
[20:16:13] [INFO] 代码通过验证
[20:16:13] [INFO] 页面生成任务完成: 商品详情页
[20:16:27] [INFO] 工具调用摘要
[
  "验证: 失败",
  "验证: 通过",
  "write_file"
]
[20:16:27] [INFO] 文件已写入: D:/frontend-code/hzux/1767528055870/1/code/searchResultPage.vue
[20:16:27] [INFO] 代码通过验证
[20:16:27] [INFO] 页面生成任务完成: 搜索结果页
[20:19:34] [INFO] 工具调用摘要
[
  "验证: 失败",
  "验证: 失败",
  "验证: 失败",
  "验证: 失败",
  "write_file"
]
[20:19:34] [INFO] 文件已写入: D:/frontend-code/hzux/1767528055870/1/code/orderConfirmPage.vue
[20:19:34] [WARN] 代码验证失败
{
  "success": false,
  "message": "代码验证失败: orderConfirmPage.vue. 发现 3 个错误",
  "fileName": "orderConfirmPage.vue",
  "errors": [
    "135:40 Missing trailing comma. [comma-dangle]",
    "140:43 Missing trailing comma. [comma-dangle]",
    "145:42 Missing trailing comma. [comma-dangle]"
  ],
  "warnings": [],
  "suggestion": "请根据上述错误信息修正代码，然后重新生成"
}
[20:19:34] [INFO] 页面生成任务完成: 订单确认页
[20:19:34] [INFO] 批量生成完成 Summary
{
  "successCount": 5,
  "failedCount": 1,
  "total": 6
}
